This is pdfTeX, Version 3.14159265-2.6-1.40.19 (TeX Live 2019/dev/Debian) (preloaded format=pdflatex 2019.7.10)  2 OCT 2019 04:06
entering extended mode
 restricted \write18 enabled.
 %&-line parsing enabled.
**doc
(./doc.tex
LaTeX2e <2018-12-01>
(./settings.tex (/usr/share/texlive/texmf-dist/tex/latex/base/article.cls
Document Class: article 2018/09/03 v1.4i Standard LaTeX document class
(/usr/share/texlive/texmf-dist/tex/latex/base/size11.clo
File: size11.clo 2018/09/03 v1.4i Standard LaTeX file (size option)
)
\c@part=\count80
\c@section=\count81
\c@subsection=\count82
\c@subsubsection=\count83
\c@paragraph=\count84
\c@subparagraph=\count85
\c@figure=\count86
\c@table=\count87
\abovecaptionskip=\skip41
\belowcaptionskip=\skip42
\bibindent=\dimen102
)
(/usr/share/texlive/texmf-dist/tex/latex/amsmath/amsmath.sty
Package: amsmath 2018/12/01 v2.17b AMS math features
\@mathmargin=\skip43

For additional information on amsmath, use the `?' option.
(/usr/share/texlive/texmf-dist/tex/latex/amsmath/amstext.sty
Package: amstext 2000/06/29 v2.01 AMS text

(/usr/share/texlive/texmf-dist/tex/latex/amsmath/amsgen.sty
File: amsgen.sty 1999/11/30 v2.0 generic functions
\@emptytoks=\toks14
\ex@=\dimen103
))
(/usr/share/texlive/texmf-dist/tex/latex/amsmath/amsbsy.sty
Package: amsbsy 1999/11/29 v1.2d Bold Symbols
\pmbraise@=\dimen104
)
(/usr/share/texlive/texmf-dist/tex/latex/amsmath/amsopn.sty
Package: amsopn 2016/03/08 v2.02 operator names
)
\inf@bad=\count88
LaTeX Info: Redefining \frac on input line 223.
\uproot@=\count89
\leftroot@=\count90
LaTeX Info: Redefining \overline on input line 385.
\classnum@=\count91
\DOTSCASE@=\count92
LaTeX Info: Redefining \ldots on input line 482.
LaTeX Info: Redefining \dots on input line 485.
LaTeX Info: Redefining \cdots on input line 606.
\Mathstrutbox@=\box27
\strutbox@=\box28
\big@size=\dimen105
LaTeX Font Info:    Redeclaring font encoding OML on input line 729.
LaTeX Font Info:    Redeclaring font encoding OMS on input line 730.
\macc@depth=\count93
\c@MaxMatrixCols=\count94
\dotsspace@=\muskip10
\c@parentequation=\count95
\dspbrk@lvl=\count96
\tag@help=\toks15
\row@=\count97
\column@=\count98
\maxfields@=\count99
\andhelp@=\toks16
\eqnshift@=\dimen106
\alignsep@=\dimen107
\tagshift@=\dimen108
\tagwidth@=\dimen109
\totwidth@=\dimen110
\lineht@=\dimen111
\@envbody=\toks17
\multlinegap=\skip44
\multlinetaggap=\skip45
\mathdisplay@stack=\toks18
LaTeX Info: Redefining \[ on input line 2844.
LaTeX Info: Redefining \] on input line 2845.
)
(/usr/share/texlive/texmf-dist/tex/latex/amsfonts/amssymb.sty
Package: amssymb 2013/01/14 v3.01 AMS font symbols

(/usr/share/texlive/texmf-dist/tex/latex/amsfonts/amsfonts.sty
Package: amsfonts 2013/01/14 v3.01 Basic AMSFonts support
\symAMSa=\mathgroup4
\symAMSb=\mathgroup5
LaTeX Font Info:    Overwriting math alphabet `\mathfrak' in version `bold'
(Font)                  U/euf/m/n --> U/euf/b/n on input line 106.
))
(/usr/share/texlive/texmf-dist/tex/latex/hyperref/hyperref.sty
Package: hyperref 2018/11/30 v6.88e Hypertext links for LaTeX

(/usr/share/texlive/texmf-dist/tex/generic/oberdiek/hobsub-hyperref.sty
Package: hobsub-hyperref 2016/05/16 v1.14 Bundle oberdiek, subset hyperref (HO)


(/usr/share/texlive/texmf-dist/tex/generic/oberdiek/hobsub-generic.sty
Package: hobsub-generic 2016/05/16 v1.14 Bundle oberdiek, subset generic (HO)
Package: hobsub 2016/05/16 v1.14 Construct package bundles (HO)
Package: infwarerr 2016/05/16 v1.4 Providing info/warning/error messages (HO)
Package: ltxcmds 2016/05/16 v1.23 LaTeX kernel commands for general use (HO)
Package: ifluatex 2016/05/16 v1.4 Provides the ifluatex switch (HO)
Package ifluatex Info: LuaTeX not detected.
Package: ifvtex 2016/05/16 v1.6 Detect VTeX and its facilities (HO)
Package ifvtex Info: VTeX not detected.
Package: intcalc 2016/05/16 v1.2 Expandable calculations with integers (HO)
Package: ifpdf 2018/09/07 v3.3 Provides the ifpdf switch
Package: etexcmds 2016/05/16 v1.6 Avoid name clashes with e-TeX commands (HO)
Package: kvsetkeys 2016/05/16 v1.17 Key value parser (HO)
Package: kvdefinekeys 2016/05/16 v1.4 Define keys (HO)
Package: pdftexcmds 2018/09/10 v0.29 Utility functions of pdfTeX for LuaTeX (HO
)
Package pdftexcmds Info: LuaTeX not detected.
Package pdftexcmds Info: \pdf@primitive is available.
Package pdftexcmds Info: \pdf@ifprimitive is available.
Package pdftexcmds Info: \pdfdraftmode found.
Package: pdfescape 2016/05/16 v1.14 Implements pdfTeX's escape features (HO)
Package: bigintcalc 2016/05/16 v1.4 Expandable calculations on big integers (HO
)
Package: bitset 2016/05/16 v1.2 Handle bit-vector datatype (HO)
Package: uniquecounter 2016/05/16 v1.3 Provide unlimited unique counter (HO)
)
Package hobsub Info: Skipping package `hobsub' (already loaded).
Package: letltxmacro 2016/05/16 v1.5 Let assignment for LaTeX macros (HO)
Package: hopatch 2016/05/16 v1.3 Wrapper for package hooks (HO)
Package: xcolor-patch 2016/05/16 xcolor patch
Package: atveryend 2016/05/16 v1.9 Hooks at the very end of document (HO)
Package atveryend Info: \enddocument detected (standard20110627).
Package: atbegshi 2016/06/09 v1.18 At begin shipout hook (HO)
Package: refcount 2016/05/16 v3.5 Data extraction from label references (HO)
Package: hycolor 2016/05/16 v1.8 Color options for hyperref/bookmark (HO)
)
(/usr/share/texlive/texmf-dist/tex/latex/graphics/keyval.sty
Package: keyval 2014/10/28 v1.15 key=value parser (DPC)
\KV@toks@=\toks19
)
(/usr/share/texlive/texmf-dist/tex/generic/ifxetex/ifxetex.sty
Package: ifxetex 2010/09/12 v0.6 Provides ifxetex conditional
)
(/usr/share/texlive/texmf-dist/tex/latex/oberdiek/auxhook.sty
Package: auxhook 2016/05/16 v1.4 Hooks for auxiliary files (HO)
)
(/usr/share/texlive/texmf-dist/tex/latex/oberdiek/kvoptions.sty
Package: kvoptions 2016/05/16 v3.12 Key value format for package options (HO)
)
\@linkdim=\dimen112
\Hy@linkcounter=\count100
\Hy@pagecounter=\count101

(/usr/share/texlive/texmf-dist/tex/latex/hyperref/pd1enc.def
File: pd1enc.def 2018/11/30 v6.88e Hyperref: PDFDocEncoding definition (HO)
Now handling font encoding PD1 ...
... no UTF-8 mapping file for font encoding PD1
)
\Hy@SavedSpaceFactor=\count102

(/usr/share/texlive/texmf-dist/tex/latex/latexconfig/hyperref.cfg
File: hyperref.cfg 2002/06/06 v1.2 hyperref configuration of TeXLive
)
Package hyperref Info: Hyper figures OFF on input line 4519.
Package hyperref Info: Link nesting OFF on input line 4524.
Package hyperref Info: Hyper index ON on input line 4527.
Package hyperref Info: Plain pages OFF on input line 4534.
Package hyperref Info: Backreferencing OFF on input line 4539.
Package hyperref Info: Implicit mode ON; LaTeX internals redefined.
Package hyperref Info: Bookmarks ON on input line 4772.
\c@Hy@tempcnt=\count103

(/usr/share/texlive/texmf-dist/tex/latex/url/url.sty
\Urlmuskip=\muskip11
Package: url 2013/09/16  ver 3.4  Verb mode for urls, etc.
)
LaTeX Info: Redefining \url on input line 5125.
\XeTeXLinkMargin=\dimen113
\Fld@menulength=\count104
\Field@Width=\dimen114
\Fld@charsize=\dimen115
Package hyperref Info: Hyper figures OFF on input line 6380.
Package hyperref Info: Link nesting OFF on input line 6385.
Package hyperref Info: Hyper index ON on input line 6388.
Package hyperref Info: backreferencing OFF on input line 6395.
Package hyperref Info: Link coloring OFF on input line 6400.
Package hyperref Info: Link coloring with OCG OFF on input line 6405.
Package hyperref Info: PDF/A mode OFF on input line 6410.
LaTeX Info: Redefining \ref on input line 6450.
LaTeX Info: Redefining \pageref on input line 6454.
\Hy@abspage=\count105
\c@Item=\count106
\c@Hfootnote=\count107
)
Package hyperref Info: Driver (autodetected): hpdftex.

(/usr/share/texlive/texmf-dist/tex/latex/hyperref/hpdftex.def
File: hpdftex.def 2018/11/30 v6.88e Hyperref driver for pdfTeX
\Fld@listcount=\count108
\c@bookmark@seq@number=\count109

(/usr/share/texlive/texmf-dist/tex/latex/oberdiek/rerunfilecheck.sty
Package: rerunfilecheck 2016/05/16 v1.8 Rerun checks for auxiliary files (HO)
Package uniquecounter Info: New unique counter `rerunfilecheck' on input line 2
82.
)
\Hy@SectionHShift=\skip46
)
(/usr/share/texlive/texmf-dist/tex/latex/a4wide/a4wide.sty
Package: a4wide 1994/08/30

(/usr/share/texlive/texmf-dist/tex/latex/ntgclass/a4.sty
Package: a4 2004/04/15 v1.2g A4 based page layout
))
(/usr/share/texlive/texmf-dist/tex/latex/base/inputenc.sty
Package: inputenc 2018/08/11 v1.3c Input encoding file
\inpenc@prehook=\toks20
\inpenc@posthook=\toks21
)
(/usr/share/texlive/texmf-dist/tex/generic/babel/babel.sty
Package: babel 2018/11/13 3.27 The Babel package

(/usr/share/texlive/texmf-dist/tex/generic/babel/switch.def
File: switch.def 2018/11/13 3.27 Babel switching mechanism
)
(/usr/share/texlive/texmf-dist/tex/generic/babel-english/english.ldf
Language: english 2017/06/06 v3.3r English support from the babel system

(/usr/share/texlive/texmf-dist/tex/generic/babel/babel.def
File: babel.def 2018/11/13 3.27 Babel common definitions
\babel@savecnt=\count110
\U@D=\dimen116

(/usr/share/texlive/texmf-dist/tex/generic/babel/txtbabel.def)
\bbl@dirlevel=\count111
)
\l@canadian = a dialect from \language\l@american 
\l@australian = a dialect from \language\l@british 
\l@newzealand = a dialect from \language\l@british 
)
(/usr/share/texlive/texmf-dist/tex/generic/babel-russian/russianb.ldf
Language: russian 2017/08/12 1.3j Russian support for the Babel system


Package babel Warning: No Cyrillic font encoding has been loaded so far.
(babel)                A font encoding should be declared before babel.
(babel)                Default `T2A' encoding will be loaded  on input line 74.


(/usr/share/texlive/texmf-dist/tex/latex/cyrillic/t2aenc.def
File: t2aenc.def 2005/09/27 v1.0i Cyrillic encoding definition file
Now handling font encoding T2A ...
... processing UTF-8 mapping file for font encoding T2A

(/usr/share/texlive/texmf-dist/tex/latex/base/t2aenc.dfu
File: t2aenc.dfu 2018/10/05 v1.2f UTF-8 support for inputenc
   defining Unicode char U+00A4 (decimal 164)
   defining Unicode char U+00A7 (decimal 167)
   defining Unicode char U+00AB (decimal 171)
   defining Unicode char U+00BB (decimal 187)
   defining Unicode char U+0131 (decimal 305)
   defining Unicode char U+0237 (decimal 567)
   defining Unicode char U+0400 (decimal 1024)
   defining Unicode char U+0401 (decimal 1025)
   defining Unicode char U+0402 (decimal 1026)
   defining Unicode char U+0403 (decimal 1027)
   defining Unicode char U+0404 (decimal 1028)
   defining Unicode char U+0405 (decimal 1029)
   defining Unicode char U+0406 (decimal 1030)
   defining Unicode char U+0407 (decimal 1031)
   defining Unicode char U+0408 (decimal 1032)
   defining Unicode char U+0409 (decimal 1033)
   defining Unicode char U+040A (decimal 1034)
   defining Unicode char U+040B (decimal 1035)
   defining Unicode char U+040C (decimal 1036)
   defining Unicode char U+040D (decimal 1037)
   defining Unicode char U+040E (decimal 1038)
   defining Unicode char U+040F (decimal 1039)
   defining Unicode char U+0410 (decimal 1040)
   defining Unicode char U+0411 (decimal 1041)
   defining Unicode char U+0412 (decimal 1042)
   defining Unicode char U+0413 (decimal 1043)
   defining Unicode char U+0414 (decimal 1044)
   defining Unicode char U+0415 (decimal 1045)
   defining Unicode char U+0416 (decimal 1046)
   defining Unicode char U+0417 (decimal 1047)
   defining Unicode char U+0418 (decimal 1048)
   defining Unicode char U+0419 (decimal 1049)
   defining Unicode char U+041A (decimal 1050)
   defining Unicode char U+041B (decimal 1051)
   defining Unicode char U+041C (decimal 1052)
   defining Unicode char U+041D (decimal 1053)
   defining Unicode char U+041E (decimal 1054)
   defining Unicode char U+041F (decimal 1055)
   defining Unicode char U+0420 (decimal 1056)
   defining Unicode char U+0421 (decimal 1057)
   defining Unicode char U+0422 (decimal 1058)
   defining Unicode char U+0423 (decimal 1059)
   defining Unicode char U+0424 (decimal 1060)
   defining Unicode char U+0425 (decimal 1061)
   defining Unicode char U+0426 (decimal 1062)
   defining Unicode char U+0427 (decimal 1063)
   defining Unicode char U+0428 (decimal 1064)
   defining Unicode char U+0429 (decimal 1065)
   defining Unicode char U+042A (decimal 1066)
   defining Unicode char U+042B (decimal 1067)
   defining Unicode char U+042C (decimal 1068)
   defining Unicode char U+042D (decimal 1069)
   defining Unicode char U+042E (decimal 1070)
   defining Unicode char U+042F (decimal 1071)
   defining Unicode char U+0430 (decimal 1072)
   defining Unicode char U+0431 (decimal 1073)
   defining Unicode char U+0432 (decimal 1074)
   defining Unicode char U+0433 (decimal 1075)
   defining Unicode char U+0434 (decimal 1076)
   defining Unicode char U+0435 (decimal 1077)
   defining Unicode char U+0436 (decimal 1078)
   defining Unicode char U+0437 (decimal 1079)
   defining Unicode char U+0438 (decimal 1080)
   defining Unicode char U+0439 (decimal 1081)
   defining Unicode char U+043A (decimal 1082)
   defining Unicode char U+043B (decimal 1083)
   defining Unicode char U+043C (decimal 1084)
   defining Unicode char U+043D (decimal 1085)
   defining Unicode char U+043E (decimal 1086)
   defining Unicode char U+043F (decimal 1087)
   defining Unicode char U+0440 (decimal 1088)
   defining Unicode char U+0441 (decimal 1089)
   defining Unicode char U+0442 (decimal 1090)
   defining Unicode char U+0443 (decimal 1091)
   defining Unicode char U+0444 (decimal 1092)
   defining Unicode char U+0445 (decimal 1093)
   defining Unicode char U+0446 (decimal 1094)
   defining Unicode char U+0447 (decimal 1095)
   defining Unicode char U+0448 (decimal 1096)
   defining Unicode char U+0449 (decimal 1097)
   defining Unicode char U+044A (decimal 1098)
   defining Unicode char U+044B (decimal 1099)
   defining Unicode char U+044C (decimal 1100)
   defining Unicode char U+044D (decimal 1101)
   defining Unicode char U+044E (decimal 1102)
   defining Unicode char U+044F (decimal 1103)
   defining Unicode char U+0450 (decimal 1104)
   defining Unicode char U+0451 (decimal 1105)
   defining Unicode char U+0452 (decimal 1106)
   defining Unicode char U+0453 (decimal 1107)
   defining Unicode char U+0454 (decimal 1108)
   defining Unicode char U+0455 (decimal 1109)
   defining Unicode char U+0456 (decimal 1110)
   defining Unicode char U+0457 (decimal 1111)
   defining Unicode char U+0458 (decimal 1112)
   defining Unicode char U+0459 (decimal 1113)
   defining Unicode char U+045A (decimal 1114)
   defining Unicode char U+045B (decimal 1115)
   defining Unicode char U+045C (decimal 1116)
   defining Unicode char U+045D (decimal 1117)
   defining Unicode char U+045E (decimal 1118)
   defining Unicode char U+045F (decimal 1119)
   defining Unicode char U+0490 (decimal 1168)
   defining Unicode char U+0491 (decimal 1169)
   defining Unicode char U+0492 (decimal 1170)
   defining Unicode char U+0493 (decimal 1171)
   defining Unicode char U+0496 (decimal 1174)
   defining Unicode char U+0497 (decimal 1175)
   defining Unicode char U+0498 (decimal 1176)
   defining Unicode char U+0499 (decimal 1177)
   defining Unicode char U+049A (decimal 1178)
   defining Unicode char U+049B (decimal 1179)
   defining Unicode char U+049C (decimal 1180)
   defining Unicode char U+049D (decimal 1181)
   defining Unicode char U+04A0 (decimal 1184)
   defining Unicode char U+04A1 (decimal 1185)
   defining Unicode char U+04A2 (decimal 1186)
   defining Unicode char U+04A3 (decimal 1187)
   defining Unicode char U+04A4 (decimal 1188)
   defining Unicode char U+04A5 (decimal 1189)
   defining Unicode char U+04AA (decimal 1194)
   defining Unicode char U+04AB (decimal 1195)
   defining Unicode char U+04AE (decimal 1198)
   defining Unicode char U+04AF (decimal 1199)
   defining Unicode char U+04B0 (decimal 1200)
   defining Unicode char U+04B1 (decimal 1201)
   defining Unicode char U+04B2 (decimal 1202)
   defining Unicode char U+04B3 (decimal 1203)
   defining Unicode char U+04B6 (decimal 1206)
   defining Unicode char U+04B7 (decimal 1207)
   defining Unicode char U+04B8 (decimal 1208)
   defining Unicode char U+04B9 (decimal 1209)
   defining Unicode char U+04BA (decimal 1210)
   defining Unicode char U+04BB (decimal 1211)
   defining Unicode char U+04C0 (decimal 1216)
   defining Unicode char U+04C1 (decimal 1217)
   defining Unicode char U+04C2 (decimal 1218)
   defining Unicode char U+04D0 (decimal 1232)
   defining Unicode char U+04D1 (decimal 1233)
   defining Unicode char U+04D2 (decimal 1234)
   defining Unicode char U+04D3 (decimal 1235)
   defining Unicode char U+04D4 (decimal 1236)
   defining Unicode char U+04D5 (decimal 1237)
   defining Unicode char U+04D6 (decimal 1238)
   defining Unicode char U+04D7 (decimal 1239)
   defining Unicode char U+04D8 (decimal 1240)
   defining Unicode char U+04D9 (decimal 1241)
   defining Unicode char U+04DA (decimal 1242)
   defining Unicode char U+04DB (decimal 1243)
   defining Unicode char U+04DC (decimal 1244)
   defining Unicode char U+04DD (decimal 1245)
   defining Unicode char U+04DE (decimal 1246)
   defining Unicode char U+04DF (decimal 1247)
   defining Unicode char U+04E2 (decimal 1250)
   defining Unicode char U+04E3 (decimal 1251)
   defining Unicode char U+04E4 (decimal 1252)
   defining Unicode char U+04E5 (decimal 1253)
   defining Unicode char U+04E6 (decimal 1254)
   defining Unicode char U+04E7 (decimal 1255)
   defining Unicode char U+04E8 (decimal 1256)
   defining Unicode char U+04E9 (decimal 1257)
   defining Unicode char U+04EC (decimal 1260)
   defining Unicode char U+04ED (decimal 1261)
   defining Unicode char U+04EE (decimal 1262)
   defining Unicode char U+04EF (decimal 1263)
   defining Unicode char U+04F0 (decimal 1264)
   defining Unicode char U+04F1 (decimal 1265)
   defining Unicode char U+04F2 (decimal 1266)
   defining Unicode char U+04F3 (decimal 1267)
   defining Unicode char U+04F4 (decimal 1268)
   defining Unicode char U+04F5 (decimal 1269)
   defining Unicode char U+04F8 (decimal 1272)
   defining Unicode char U+04F9 (decimal 1273)
   defining Unicode char U+200C (decimal 8204)
   defining Unicode char U+2013 (decimal 8211)
   defining Unicode char U+2014 (decimal 8212)
   defining Unicode char U+2018 (decimal 8216)
   defining Unicode char U+2019 (decimal 8217)
   defining Unicode char U+201C (decimal 8220)
   defining Unicode char U+201D (decimal 8221)
   defining Unicode char U+201E (decimal 8222)
   defining Unicode char U+2030 (decimal 8240)
   defining Unicode char U+2031 (decimal 8241)
   defining Unicode char U+2116 (decimal 8470)
   defining Unicode char U+2329 (decimal 9001)
   defining Unicode char U+232A (decimal 9002)
   defining Unicode char U+2423 (decimal 9251)
))
Package babel Info: Making " an active character on input line 120.
Package babel Info: Default for \cyrdash is provided on input line 157.
))
(/usr/share/texlive/texmf-dist/tex/latex/graphics/graphicx.sty
Package: graphicx 2017/06/01 v1.1a Enhanced LaTeX Graphics (DPC,SPQR)

(/usr/share/texlive/texmf-dist/tex/latex/graphics/graphics.sty
Package: graphics 2017/06/25 v1.2c Standard LaTeX Graphics (DPC,SPQR)

(/usr/share/texlive/texmf-dist/tex/latex/graphics/trig.sty
Package: trig 2016/01/03 v1.10 sin cos tan (DPC)
)
(/usr/share/texlive/texmf-dist/tex/latex/graphics-cfg/graphics.cfg
File: graphics.cfg 2016/06/04 v1.11 sample graphics configuration
)
Package graphics Info: Driver file: pdftex.def on input line 99.

(/usr/share/texlive/texmf-dist/tex/latex/graphics-def/pdftex.def
File: pdftex.def 2018/01/08 v1.0l Graphics/color driver for pdftex
))
\Gin@req@height=\dimen117
\Gin@req@width=\dimen118
)
(/usr/share/texlive/texmf-dist/tex/latex/float/float.sty
Package: float 2001/11/08 v1.3d Float enhancements (AL)
\c@float@type=\count112
\float@exts=\toks22
\float@box=\box29
\@float@everytoks=\toks23
\@floatcapt=\box30
)
(/usr/share/texlive/texmf-dist/tex/latex/caption/subcaption.sty
Package: subcaption 2018/05/01 v1.1-162 Sub-captions (AR)

(/usr/share/texlive/texmf-dist/tex/latex/caption/caption.sty
Package: caption 2018/10/06 v3.3-154 Customizing captions (AR)

(/usr/share/texlive/texmf-dist/tex/latex/caption/caption3.sty
Package: caption3 2018/09/12 v1.8c caption3 kernel (AR)
Package caption3 Info: TeX engine: e-TeX on input line 64.
\captionmargin=\dimen119
\captionmargin@=\dimen120
\captionwidth=\dimen121
\caption@tempdima=\dimen122
\caption@indent=\dimen123
\caption@parindent=\dimen124
\caption@hangindent=\dimen125
)
\c@caption@flags=\count113
\c@ContinuedFloat=\count114
Package caption Info: float package is loaded.
Package caption Info: hyperref package is loaded.
)
\c@subfigure=\count115
\c@subtable=\count116
)
(/usr/share/texlive/texmf-dist/tex/latex/tools/indentfirst.sty
Package: indentfirst 1995/11/23 v1.03 Indent first paragraph (DPC)
)
(/usr/share/texlive/texmf-dist/tex/latex/amscls/amsthm.sty
Package: amsthm 2017/10/31 v2.20.4
\thm@style=\toks24
\thm@bodyfont=\toks25
\thm@headfont=\toks26
\thm@notefont=\toks27
\thm@headpunct=\toks28
\thm@preskip=\skip47
\thm@postskip=\skip48
\thm@headsep=\skip49
\dth@everypar=\toks29
)
\c@definition=\count117
\c@theorem=\count118
\c@lemma=\count119
\c@assertion=\count120
\c@remark=\count121
) (./doc.aux
(./title_page/doc.aux)
LaTeX Font Info:    Try loading font information for T2A+cmr on input line 21.

(/usr/share/texlive/texmf-dist/tex/latex/cyrillic/t2acmr.fd
File: t2acmr.fd 2001/08/11 v1.0a Computer Modern Cyrillic font definitions
) (./task_01/doc.aux) (./task_02/doc.aux))
\openout1 = `doc.aux'.

LaTeX Font Info:    Checking defaults for OML/cmm/m/it on input line 3.
LaTeX Font Info:    ... okay on input line 3.
LaTeX Font Info:    Checking defaults for T1/cmr/m/n on input line 3.
LaTeX Font Info:    ... okay on input line 3.
LaTeX Font Info:    Checking defaults for OT1/cmr/m/n on input line 3.
LaTeX Font Info:    ... okay on input line 3.
LaTeX Font Info:    Checking defaults for OMS/cmsy/m/n on input line 3.
LaTeX Font Info:    ... okay on input line 3.
LaTeX Font Info:    Checking defaults for OMX/cmex/m/n on input line 3.
LaTeX Font Info:    ... okay on input line 3.
LaTeX Font Info:    Checking defaults for U/cmr/m/n on input line 3.
LaTeX Font Info:    ... okay on input line 3.
LaTeX Font Info:    Checking defaults for PD1/pdf/m/n on input line 3.
LaTeX Font Info:    ... okay on input line 3.
LaTeX Font Info:    Checking defaults for T2A/cmr/m/n on input line 3.
LaTeX Font Info:    ... okay on input line 3.
\AtBeginShipoutBox=\box31
Package hyperref Info: Link coloring OFF on input line 3.

(/usr/share/texlive/texmf-dist/tex/latex/hyperref/nameref.sty
Package: nameref 2016/05/21 v2.44 Cross-referencing by name of section

(/usr/share/texlive/texmf-dist/tex/generic/oberdiek/gettitlestring.sty
Package: gettitlestring 2016/05/16 v1.5 Cleanup title references (HO)
)
\c@section@level=\count122
)
LaTeX Info: Redefining \ref on input line 3.
LaTeX Info: Redefining \pageref on input line 3.
LaTeX Info: Redefining \nameref on input line 3.

(./doc.out) (./doc.out)
\@outlinefile=\write3
\openout3 = `doc.out'.


(/usr/share/texlive/texmf-dist/tex/context/base/mkii/supp-pdf.mkii
[Loading MPS to PDF converter (version 2006.09.02).]
\scratchcounter=\count123
\scratchdimen=\dimen126
\scratchbox=\box32
\nofMPsegments=\count124
\nofMParguments=\count125
\everyMPshowfont=\toks30
\MPscratchCnt=\count126
\MPscratchDim=\dimen127
\MPnumerator=\count127
\makeMPintoPDFobject=\count128
\everyMPtoPDFconversion=\toks31
) (/usr/share/texlive/texmf-dist/tex/latex/oberdiek/epstopdf-base.sty
Package: epstopdf-base 2016/05/15 v2.6 Base part for package epstopdf

(/usr/share/texlive/texmf-dist/tex/latex/oberdiek/grfext.sty
Package: grfext 2016/05/16 v1.2 Manage graphics extensions (HO)
)
Package epstopdf-base Info: Redefining graphics rule for `.eps' on input line 4
38.
Package grfext Info: Graphics extension search list:
(grfext)             [.pdf,.png,.jpg,.mps,.jpeg,.jbig2,.jb2,.PDF,.PNG,.JPG,.JPE
G,.JBIG2,.JB2,.eps]
(grfext)             \AppendGraphicsExtensions on input line 456.

(/usr/share/texlive/texmf-dist/tex/latex/latexconfig/epstopdf-sys.cfg
File: epstopdf-sys.cfg 2010/07/13 v1.3 Configuration of (r)epstopdf for TeX Liv
e
))
Package caption Info: Begin \AtBeginDocument code.
Package caption Info: End \AtBeginDocument code.
\openout2 = `title_page/doc.aux'.


(./title_page/doc.tex
Package epstopdf Info: Source file: <title_page/msu.eps>
(epstopdf)                    date: 2019-03-21 18:13:37
(epstopdf)                    size: 29500 bytes
(epstopdf)             Output file: <title_page/msu-eps-converted-to.pdf>
(epstopdf)                    date: 2019-06-16 18:12:00
(epstopdf)                    size: 5465 bytes
(epstopdf)             Command: <repstopdf --outfile=title_page/msu-eps-convert
ed-to.pdf title_page/msu.eps>
(epstopdf)             \includegraphics on input line 5.
Package epstopdf Info: Output file is already uptodate.


pdfTeX warning: pdflatex (file ./title_page/msu-eps-converted-to.pdf): PDF incl
usion: found PDF version <1.7>, but at most version <1.5> allowed
<title_page/msu-eps-converted-to.pdf, id=28, 187.70125pt x 101.37875pt>
File: title_page/msu-eps-converted-to.pdf Graphic file (type pdf)
<use title_page/msu-eps-converted-to.pdf>
Package pdftex.def Info: title_page/msu-eps-converted-to.pdf  used on input lin
e 5.
(pdftex.def)             Requested size: 221.32687pt x 119.54852pt.
[1


{/var/lib/texmf/fonts/map/pdftex/updmap/pdftex.map} <./title_page/msu-eps-conve
rted-to.pdf>]) (./doc.toc
LaTeX Font Info:    Try loading font information for U+msa on input line 3.

(/usr/share/texlive/texmf-dist/tex/latex/amsfonts/umsa.fd
File: umsa.fd 2013/01/14 v3.01 AMS symbols A
)
LaTeX Font Info:    Try loading font information for U+msb on input line 3.

(/usr/share/texlive/texmf-dist/tex/latex/amsfonts/umsb.fd
File: umsb.fd 2013/01/14 v3.01 AMS symbols B
))
\tf@toc=\write4
\openout4 = `doc.toc'.

 [2


]
\openout2 = `task_01/doc.aux'.


(./task_01/doc.tex

Package hyperref Warning: Glyph not defined in PD1 encoding,
(hyperref)                removing `\CYRZ' on input line 1.


Package hyperref Warning: Glyph not defined in PD1 encoding,
(hyperref)                removing `\cyra' on input line 1.


Package hyperref Warning: Glyph not defined in PD1 encoding,
(hyperref)                removing `\cyrd' on input line 1.


Package hyperref Warning: Glyph not defined in PD1 encoding,
(hyperref)                removing `\cyra' on input line 1.


Package hyperref Warning: Glyph not defined in PD1 encoding,
(hyperref)                removing `\cyrn' on input line 1.


Package hyperref Warning: Glyph not defined in PD1 encoding,
(hyperref)                removing `\cyri' on input line 1.


Package hyperref Warning: Glyph not defined in PD1 encoding,
(hyperref)                removing `\cyre' on input line 1.


Package hyperref Warning: Glyph not defined in PD1 encoding,
(hyperref)                removing `\textnumero' on input line 1.


Overfull \hbox (0.74098pt too wide) in paragraph at lines 5--6
[]\T2A/cmr/m/n/10.95 Реализовать ге-не-ра-тор гео-мет-ри-че-ско-го рас-пре-де-л
е-ния. Про-ве-рить для дан-но-го рас-
 []


Package hyperref Warning: Glyph not defined in PD1 encoding,
(hyperref)                removing `\CYRZ' on input line 9.


Package hyperref Warning: Glyph not defined in PD1 encoding,
(hyperref)                removing `\cyra' on input line 9.


Package hyperref Warning: Glyph not defined in PD1 encoding,
(hyperref)                removing `\cyrd' on input line 9.


Package hyperref Warning: Glyph not defined in PD1 encoding,
(hyperref)                removing `\cyra' on input line 9.


Package hyperref Warning: Glyph not defined in PD1 encoding,
(hyperref)                removing `\cyrch' on input line 9.


Package hyperref Warning: Glyph not defined in PD1 encoding,
(hyperref)                removing `\cyra' on input line 9.


Package hyperref Warning: Glyph not defined in PD1 encoding,
(hyperref)                removing `\textnumero' on input line 9.

[3

]
Package epstopdf Info: Source file: <task_01/bi1000.eps>
(epstopdf)                    date: 2019-09-30 23:21:59
(epstopdf)                    size: 42451 bytes
(epstopdf)             Output file: <task_01/bi1000-eps-converted-to.pdf>
(epstopdf)                    date: 2019-09-30 23:26:29
(epstopdf)                    size: 39234 bytes
(epstopdf)             Command: <repstopdf --outfile=task_01/bi1000-eps-convert
ed-to.pdf task_01/bi1000.eps>
(epstopdf)             \includegraphics on input line 53.
Package epstopdf Info: Output file is already uptodate.
<task_01/bi1000-eps-converted-to.pdf, id=79, 428.60126pt x 310.15875pt>
File: task_01/bi1000-eps-converted-to.pdf Graphic file (type pdf)
<use task_01/bi1000-eps-converted-to.pdf>
Package pdftex.def Info: task_01/bi1000-eps-converted-to.pdf  used on input lin
e 53.
(pdftex.def)             Requested size: 199.16928pt x 144.12767pt.
Package epstopdf Info: Source file: <task_01/bi100000.eps>
(epstopdf)                    date: 2019-09-30 23:22:52
(epstopdf)                    size: 46111 bytes
(epstopdf)             Output file: <task_01/bi100000-eps-converted-to.pdf>
(epstopdf)                    date: 2019-09-30 23:26:29
(epstopdf)                    size: 43995 bytes
(epstopdf)             Command: <repstopdf --outfile=task_01/bi100000-eps-conve
rted-to.pdf task_01/bi100000.eps>
(epstopdf)             \includegraphics on input line 56.
Package epstopdf Info: Output file is already uptodate.
<task_01/bi100000-eps-converted-to.pdf, id=80, 428.60126pt x 310.15875pt>
File: task_01/bi100000-eps-converted-to.pdf Graphic file (type pdf)
<use task_01/bi100000-eps-converted-to.pdf>
Package pdftex.def Info: task_01/bi100000-eps-converted-to.pdf  used on input l
ine 56.
(pdftex.def)             Requested size: 199.16928pt x 144.12767pt.


Package hyperref Warning: Glyph not defined in PD1 encoding,
(hyperref)                removing `\CYRZ' on input line 61.


Package hyperref Warning: Glyph not defined in PD1 encoding,
(hyperref)                removing `\cyra' on input line 61.


Package hyperref Warning: Glyph not defined in PD1 encoding,
(hyperref)                removing `\cyrd' on input line 61.


Package hyperref Warning: Glyph not defined in PD1 encoding,
(hyperref)                removing `\cyra' on input line 61.


Package hyperref Warning: Glyph not defined in PD1 encoding,
(hyperref)                removing `\cyrch' on input line 61.


Package hyperref Warning: Glyph not defined in PD1 encoding,
(hyperref)                removing `\cyra' on input line 61.


Package hyperref Warning: Glyph not defined in PD1 encoding,
(hyperref)                removing `\textnumero' on input line 61.

Package epstopdf Info: Source file: <task_01/geom100000.eps>
(epstopdf)                    date: 2019-09-30 23:46:59
(epstopdf)                    size: 46655 bytes
(epstopdf)             Output file: <task_01/geom100000-eps-converted-to.pdf>
(epstopdf)                    date: 2019-09-30 23:47:11
(epstopdf)                    size: 43922 bytes
(epstopdf)             Command: <repstopdf --outfile=task_01/geom100000-eps-con
verted-to.pdf task_01/geom100000.eps>
(epstopdf)             \includegraphics on input line 66.
Package epstopdf Info: Output file is already uptodate.
<task_01/geom100000-eps-converted-to.pdf, id=81, 421.575pt x 315.1775pt>
File: task_01/geom100000-eps-converted-to.pdf Graphic file (type pdf)
<use task_01/geom100000-eps-converted-to.pdf>
Package pdftex.def Info: task_01/geom100000-eps-converted-to.pdf  used on input
 line 66.
(pdftex.def)             Requested size: 341.43306pt x 255.26833pt.
[4 <./task_01/bi1000-eps-converted-to.pdf> <./task_01/bi100000-eps-converted-to
.pdf> <./task_01/geom100000-eps-converted-to.pdf>]
Package epstopdf Info: Source file: <task_01/memory.eps>
(epstopdf)                    date: 2019-10-01 00:12:03
(epstopdf)                    size: 39936 bytes
(epstopdf)             Output file: <task_01/memory-eps-converted-to.pdf>
(epstopdf)                    date: 2019-10-01 00:12:33
(epstopdf)                    size: 36906 bytes
(epstopdf)             Command: <repstopdf --outfile=task_01/memory-eps-convert
ed-to.pdf task_01/memory.eps>
(epstopdf)             \includegraphics on input line 92.
Package epstopdf Info: Output file is already uptodate.
<task_01/memory-eps-converted-to.pdf, id=106, 421.575pt x 315.1775pt>
File: task_01/memory-eps-converted-to.pdf Graphic file (type pdf)
<use task_01/memory-eps-converted-to.pdf>
Package pdftex.def Info: task_01/memory-eps-converted-to.pdf  used on input lin
e 92.
(pdftex.def)             Requested size: 341.43306pt x 255.26833pt.
 [5 <./task_01/memory-eps-converted-to.pdf>]

Package hyperref Warning: Glyph not defined in PD1 encoding,
(hyperref)                removing `\CYRZ' on input line 122.


Package hyperref Warning: Glyph not defined in PD1 encoding,
(hyperref)                removing `\cyra' on input line 122.


Package hyperref Warning: Glyph not defined in PD1 encoding,
(hyperref)                removing `\cyrd' on input line 122.


Package hyperref Warning: Glyph not defined in PD1 encoding,
(hyperref)                removing `\cyra' on input line 122.


Package hyperref Warning: Glyph not defined in PD1 encoding,
(hyperref)                removing `\cyrch' on input line 122.


Package hyperref Warning: Glyph not defined in PD1 encoding,
(hyperref)                removing `\cyra' on input line 122.


Package hyperref Warning: Glyph not defined in PD1 encoding,
(hyperref)                removing `\textnumero' on input line 122.

Package epstopdf Info: Source file: <task_01/orl.eps>
(epstopdf)                    date: 2019-10-01 13:41:08
(epstopdf)                    size: 65746 bytes
(epstopdf)             Output file: <task_01/orl-eps-converted-to.pdf>
(epstopdf)                    date: 2019-10-01 13:43:28
(epstopdf)                    size: 23822 bytes
(epstopdf)             Command: <repstopdf --outfile=task_01/orl-eps-converted-
to.pdf task_01/orl.eps>
(epstopdf)             \includegraphics on input line 129.
Package epstopdf Info: Output file is already uptodate.
<task_01/orl-eps-converted-to.pdf, id=120, 421.575pt x 315.1775pt>
File: task_01/orl-eps-converted-to.pdf Graphic file (type pdf)
<use task_01/orl-eps-converted-to.pdf>
Package pdftex.def Info: task_01/orl-eps-converted-to.pdf  used on input line 1
29.
(pdftex.def)             Requested size: 341.43306pt x 255.26833pt.
LaTeX Font Info:    Try loading font information for T2A+cmtt on input line 134
.
(/usr/share/texlive/texmf-dist/tex/latex/cyrillic/t2acmtt.fd
File: t2acmtt.fd 2001/08/11 v1.0a Computer Modern Cyrillic font definitions
)) [6 <./task_01/orl-eps-converted-to.pdf>]
\openout2 = `task_02/doc.aux'.

 (./task_02/doc.tex

Package hyperref Warning: Glyph not defined in PD1 encoding,
(hyperref)                removing `\CYRZ' on input line 1.


Package hyperref Warning: Glyph not defined in PD1 encoding,
(hyperref)                removing `\cyra' on input line 1.


Package hyperref Warning: Glyph not defined in PD1 encoding,
(hyperref)                removing `\cyrd' on input line 1.


Package hyperref Warning: Glyph not defined in PD1 encoding,
(hyperref)                removing `\cyra' on input line 1.


Package hyperref Warning: Glyph not defined in PD1 encoding,
(hyperref)                removing `\cyrn' on input line 1.


Package hyperref Warning: Glyph not defined in PD1 encoding,
(hyperref)                removing `\cyri' on input line 1.


Package hyperref Warning: Glyph not defined in PD1 encoding,
(hyperref)                removing `\cyre' on input line 1.


Package hyperref Warning: Glyph not defined in PD1 encoding,
(hyperref)                removing `\textnumero' on input line 1.


Package hyperref Warning: Glyph not defined in PD1 encoding,
(hyperref)                removing `\CYRZ' on input line 10.


Package hyperref Warning: Glyph not defined in PD1 encoding,
(hyperref)                removing `\cyra' on input line 10.


Package hyperref Warning: Glyph not defined in PD1 encoding,
(hyperref)                removing `\cyrd' on input line 10.


Package hyperref Warning: Glyph not defined in PD1 encoding,
(hyperref)                removing `\cyra' on input line 10.


Package hyperref Warning: Glyph not defined in PD1 encoding,
(hyperref)                removing `\cyrch' on input line 10.


Package hyperref Warning: Glyph not defined in PD1 encoding,
(hyperref)                removing `\cyra' on input line 10.


Package hyperref Warning: Glyph not defined in PD1 encoding,
(hyperref)                removing `\textnumero' on input line 10.

) [7


]
Package atveryend Info: Empty hook `BeforeClearDocument' on input line 12.
 [8

]
Package atveryend Info: Empty hook `AfterLastShipout' on input line 12.
 (./doc.aux (./title_page/doc.aux) (./task_01/doc.aux)
(./task_02/doc.aux))
Package atveryend Info: Executing hook `AtVeryEndDocument' on input line 12.
Package atveryend Info: Executing hook `AtEndAfterFileList' on input line 12.
Package rerunfilecheck Info: File `doc.out' has not changed.
(rerunfilecheck)             Checksum: D5DDE263C7AD36CB471919004428E95B;278.
Package atveryend Info: Empty hook `AtVeryVeryEnd' on input line 12.
 ) 
Here is how much of TeX's memory you used:
 8458 strings out of 492615
 123162 string characters out of 6131390
 225654 words of memory out of 5000000
 12181 multiletter control sequences out of 15000+600000
 18440 words of font info for 45 fonts, out of 8000000 for 9000
 1141 hyphenation exceptions out of 8191
 44i,8n,41p,1253b,428s stack positions out of 5000i,500n,10000p,200000b,80000s
{/usr/share/texmf/fonts/enc/dvips/cm-super/cm-super-t2a.enc}</usr/share/texli
ve/texmf-dist/fonts/type1/public/amsfonts/cm/cmex10.pfb></usr/share/texlive/tex
mf-dist/fonts/type1/public/amsfonts/cm/cmmi10.pfb></usr/share/texlive/texmf-dis
t/fonts/type1/public/amsfonts/cm/cmmi6.pfb></usr/share/texlive/texmf-dist/fonts
/type1/public/amsfonts/cm/cmmi8.pfb></usr/share/texlive/texmf-dist/fonts/type1/
public/amsfonts/cm/cmr10.pfb></usr/share/texlive/texmf-dist/fonts/type1/public/
amsfonts/cm/cmr8.pfb></usr/share/texlive/texmf-dist/fonts/type1/public/amsfonts
/cm/cmsy10.pfb></usr/share/texlive/texmf-dist/fonts/type1/public/amsfonts/cm/cm
sy8.pfb></usr/share/texlive/texmf-dist/fonts/type1/public/amsfonts/symbols/msam
10.pfb></usr/share/texlive/texmf-dist/fonts/type1/public/amsfonts/symbols/msbm1
0.pfb></usr/share/texmf/fonts/type1/public/cm-super/sfbx1095.pfb></usr/share/te
xmf/fonts/type1/public/cm-super/sfbx1200.pfb></usr/share/texmf/fonts/type1/publ
ic/cm-super/sfbx1440.pfb></usr/share/texmf/fonts/type1/public/cm-super/sfbx2488
.pfb></usr/share/texmf/fonts/type1/public/cm-super/sfcc1095.pfb></usr/share/tex
mf/fonts/type1/public/cm-super/sfrm1095.pfb></usr/share/texmf/fonts/type1/publi
c/cm-super/sfrm1200.pfb></usr/share/texmf/fonts/type1/public/cm-super/sfrm1728.
pfb></usr/share/texmf/fonts/type1/public/cm-super/sfti1095.pfb></usr/share/texm
f/fonts/type1/public/cm-super/sfti1200.pfb></usr/share/texmf/fonts/type1/public
/cm-super/sftt1095.pfb>
Output written on doc.pdf (8 pages, 459989 bytes).
PDF statistics:
 233 PDF objects out of 1000 (max. 8388607)
 175 compressed objects within 2 object streams
 38 named destinations out of 1000 (max. 500000)
 79 words of extra memory for PDF output out of 10000 (max. 10000000)

